<?xml version="1.0" encoding="UTF-8"?>
<!-- Generated by org.testng.reporters.JUnitReportReporter -->
<testsuite hostname="SIT-PC" name="com.crm.testcases.PeoplePageTest" tests="1" failures="0" timestamp="2 Jun 2019 11:49:55 GMT" time="36.720" errors="0">
  <testcase name="addPersonTest" time="36.720" classname="com.crm.testcases.PeoplePageTest"/>
</testsuite> <!-- com.crm.testcases.PeoplePageTest -->
