<?xml version="1.0" encoding="UTF-8"?>
<!-- Generated by org.testng.reporters.JUnitReportReporter -->
<testsuite hostname="SIT-PC" name="com.crm.testcases.PeoplePageTest" tests="1" failures="0" timestamp="1 Jun 2019 08:06:49 GMT" time="48.734" errors="0">
  <testcase name="addPersonTest" time="48.734" classname="com.crm.testcases.PeoplePageTest"/>
</testsuite> <!-- com.crm.testcases.PeoplePageTest -->
