<?xml version="1.0" encoding="UTF-8"?>
<!-- Generated by org.testng.reporters.JUnitReportReporter -->
<testsuite hostname="SIT-PC" name="com.crm.testcases.CasePageTest" tests="1" failures="0" timestamp="2 Jun 2019 11:49:55 GMT" time="35.183" errors="0">
  <testcase name="addCaseTest" time="35.183" classname="com.crm.testcases.CasePageTest"/>
</testsuite> <!-- com.crm.testcases.CasePageTest -->
