<?xml version="1.0" encoding="UTF-8"?>
<!-- Generated by org.testng.reporters.JUnitReportReporter -->
<testsuite hostname="SIT-PC" name="com.crm.testcases.AccountsPageTest" tests="1" failures="0" timestamp="2 Jun 2019 11:49:55 GMT" time="75.076" errors="0">
  <testcase name="accountsPageValidation" time="75.076" classname="com.crm.testcases.AccountsPageTest"/>
</testsuite> <!-- com.crm.testcases.AccountsPageTest -->
